Determining if the pthread_create exist failed with the following output:
Change Dir: /home/judge_hpccourse/kenny/opencv/grises_paralelo/build/CMakeFiles/CMakeTmp

Run Build Command:"/usr/bin/make" "cmTC_dd2a1/fast"
/usr/bin/make -f CMakeFiles/cmTC_dd2a1.dir/build.make CMakeFiles/cmTC_dd2a1.dir/build
make[1]: Entering directory `/home/judge_hpccourse/kenny/opencv/grises_paralelo/build/CMakeFiles/CMakeTmp'
Building C object CMakeFiles/cmTC_dd2a1.dir/CheckSymbolExists.c.o
/usr/bin/cc   -fPIC    -o CMakeFiles/cmTC_dd2a1.dir/CheckSymbolExists.c.o   -c /home/judge_hpccourse/kenny/opencv/grises_paralelo/build/CMakeFiles/CMakeTmp/CheckSymbolExists.c
Linking C executable cmTC_dd2a1
/usr/local/bin/cmake -E cmake_link_script CMakeFiles/cmTC_dd2a1.dir/link.txt --verbose=1
/usr/bin/cc  -fPIC     CMakeFiles/cmTC_dd2a1.dir/CheckSymbolExists.c.o  -o cmTC_dd2a1 -rdynamic 
CMakeFiles/cmTC_dd2a1.dir/CheckSymbolExists.c.o: In function `main':
CheckSymbolExists.c:(.text+0x1b): undefined reference to `pthread_create'
collect2: error: ld returned 1 exit status
make[1]: *** [cmTC_dd2a1] Error 1
make[1]: Leaving directory `/home/judge_hpccourse/kenny/opencv/grises_paralelo/build/CMakeFiles/CMakeTmp'
make: *** [cmTC_dd2a1/fast] Error 2

File /home/judge_hpccourse/kenny/opencv/grises_paralelo/build/CMakeFiles/CMakeTmp/CheckSymbolExists.c:
/* */
#include <pthread.h>

int main(int argc, char** argv)
{
  (void)argv;
#ifndef pthread_create
  return ((int*)(&pthread_create))[argc];
#else
  (void)argc;
  return 0;
#endif
}

Determining if the function pthread_create exists in the pthreads failed with the following output:
Change Dir: /home/judge_hpccourse/kenny/opencv/grises_paralelo/build/CMakeFiles/CMakeTmp

Run Build Command:"/usr/bin/make" "cmTC_64b24/fast"
/usr/bin/make -f CMakeFiles/cmTC_64b24.dir/build.make CMakeFiles/cmTC_64b24.dir/build
make[1]: Entering directory `/home/judge_hpccourse/kenny/opencv/grises_paralelo/build/CMakeFiles/CMakeTmp'
Building C object CMakeFiles/cmTC_64b24.dir/CheckFunctionExists.c.o
/usr/bin/cc   -fPIC -DCHECK_FUNCTION_EXISTS=pthread_create   -o CMakeFiles/cmTC_64b24.dir/CheckFunctionExists.c.o   -c /usr/local/share/cmake-3.3/Modules/CheckFunctionExists.c
Linking C executable cmTC_64b24
/usr/local/bin/cmake -E cmake_link_script CMakeFiles/cmTC_64b24.dir/link.txt --verbose=1
/usr/bin/cc  -fPIC -DCHECK_FUNCTION_EXISTS=pthread_create    CMakeFiles/cmTC_64b24.dir/CheckFunctionExists.c.o  -o cmTC_64b24 -rdynamic -lpthreads 
/usr/bin/ld: cannot find -lpthreads
collect2: error: ld returned 1 exit status
make[1]: *** [cmTC_64b24] Error 1
make[1]: Leaving directory `/home/judge_hpccourse/kenny/opencv/grises_paralelo/build/CMakeFiles/CMakeTmp'
make: *** [cmTC_64b24/fast] Error 2


